[2026-03-08 20:09:50] ERROR: Database connection failed: SQLSTATE[HY000] [1045] Access denied for user 'root'@'localhost' (using password: NO)
[2026-03-08 20:09:50] Exception: Database connection error occurred. Please contact the administrator. in /Users/apple/Desktop/CodeIgniter Alternative/php-custom-framework/system/Database/Database.php:116
Stack trace:
#0 /Users/apple/Desktop/CodeIgniter Alternative/php-custom-framework/system/Database/Database.php(64): System\Database\Database->connect()
#1 /Users/apple/Desktop/CodeIgniter Alternative/php-custom-framework/system/Database/Database.php(75): System\Database\Database->__construct()
#2 /Users/apple/Desktop/CodeIgniter Alternative/php-custom-framework/system/BaseController.php(74): System\Database\Database::getInstance()
#3 /Users/apple/Desktop/CodeIgniter Alternative/php-custom-framework/app/Controllers/HomeController.php(17): System\BaseController->__construct()
#4 /Users/apple/Desktop/CodeIgniter Alternative/php-custom-framework/system/Router.php(358): App\Controllers\HomeController->__construct()
#5 /Users/apple/Desktop/CodeIgniter Alternative/php-custom-framework/system/Router.php(807): System\Router->callControllerMethod('HomeController', 'index', Array)
#6 /Users/apple/Desktop/CodeIgniter Alternative/php-custom-framework/system/Router.php(150): System\Router->handleDynamicRoute('home/index')
#7 /Users/apple/Desktop/CodeIgniter Alternative/php-custom-framework/index.php(60): System\Router->handleRequest()
#8 {main}
================================================
[2026-03-08 20:10:01] ERROR: Database connection failed: SQLSTATE[HY000] [1045] Access denied for user 'root'@'localhost' (using password: NO)
[2026-03-08 20:10:01] Exception: Database connection error occurred. Please contact the administrator. in /Users/apple/Desktop/CodeIgniter Alternative/php-custom-framework/system/Database/Database.php:116
Stack trace:
#0 /Users/apple/Desktop/CodeIgniter Alternative/php-custom-framework/system/Database/Database.php(64): System\Database\Database->connect()
#1 /Users/apple/Desktop/CodeIgniter Alternative/php-custom-framework/system/Database/Database.php(75): System\Database\Database->__construct()
#2 /Users/apple/Desktop/CodeIgniter Alternative/php-custom-framework/system/BaseController.php(74): System\Database\Database::getInstance()
#3 /Users/apple/Desktop/CodeIgniter Alternative/php-custom-framework/app/Controllers/HomeController.php(17): System\BaseController->__construct()
#4 /Users/apple/Desktop/CodeIgniter Alternative/php-custom-framework/system/Router.php(358): App\Controllers\HomeController->__construct()
#5 /Users/apple/Desktop/CodeIgniter Alternative/php-custom-framework/system/Router.php(145): System\Router->callControllerMethod('HomeController', 'index', Array)
#6 /Users/apple/Desktop/CodeIgniter Alternative/php-custom-framework/index.php(60): System\Router->handleRequest()
#7 {main}
================================================
[2026-03-08 20:10:51] ERROR: Database connection failed: SQLSTATE[HY000] [1045] Access denied for user 'root'@'localhost' (using password: NO)
[2026-03-08 20:27:46] ERROR: 403 Access denied.
[2026-03-08 20:28:36] ERROR: 403 Access denied.
[2026-03-08 20:53:27] ERROR: View error: Call to undefined method App\Controllers\AuthController::renderStack() in /Users/apple/Desktop/CodeIgniter Alternative/php-custom-framework/app/Views/layouts/default.php:9
[2026-03-08 20:53:27] ERROR: 500 An error occurred while rendering the view
[2026-03-08 20:53:51] ERROR: View error: Call to undefined method App\Controllers\AuthController::renderStack() in /Users/apple/Desktop/CodeIgniter Alternative/php-custom-framework/app/Views/layouts/default.php:9
[2026-03-08 20:53:51] ERROR: 500 An error occurred while rendering the view
[2026-03-08 20:54:08] ERROR: View error: Call to undefined method App\Controllers\AuthController::renderStack() in /Users/apple/Desktop/CodeIgniter Alternative/php-custom-framework/app/Views/layouts/default.php:9
[2026-03-08 20:54:08] ERROR: 500 An error occurred while rendering the view
[2026-03-08 20:54:31] ERROR: View error: Call to undefined method App\Controllers\AuthController::renderStack() in /Users/apple/Desktop/CodeIgniter Alternative/php-custom-framework/app/Views/layouts/default.php:9
[2026-03-08 20:54:31] ERROR: 500 An error occurred while rendering the view
[2026-03-08 20:54:40] ERROR: View error: Call to undefined method App\Controllers\AuthController::renderStack() in /Users/apple/Desktop/CodeIgniter Alternative/php-custom-framework/app/Views/layouts/default.php:9
[2026-03-08 20:54:40] ERROR: 500 An error occurred while rendering the view
[2026-03-08 20:55:06] ERROR: View error: Call to undefined method App\Controllers\AuthController::renderStack() in /Users/apple/Desktop/CodeIgniter Alternative/php-custom-framework/app/Views/layouts/default.php:9
[2026-03-08 20:55:06] ERROR: 500 An error occurred while rendering the view
[2026-03-08 20:55:23] ERROR: View error: Call to undefined method App\Controllers\AuthController::renderStack() in /Users/apple/Desktop/CodeIgniter Alternative/php-custom-framework/app/Views/layouts/default.php:9
[2026-03-08 20:55:23] ERROR: 500 An error occurred while rendering the view
[2026-03-08 20:55:29] ERROR: 404 File not found: index.php/register
[2026-03-08 20:55:29] ERROR: 404 File not found: index.php/favicon.ico
[2026-03-08 20:55:48] ERROR: View error: Call to undefined method App\Controllers\AuthController::renderStack() in /Users/apple/Desktop/CodeIgniter Alternative/php-custom-framework/app/Views/layouts/default.php:9
[2026-03-08 20:55:48] ERROR: 500 An error occurred while rendering the view
[2026-03-08 21:01:29] ERROR: Query failed: SQLSTATE[HY000]: General error: 1 no such table: users
[2026-03-08 21:02:11] ERROR: Query failed: SQLSTATE[HY000]: General error: 1 no such table: users
[2026-03-08 21:08:59] ERROR: Insert failed: SQLSTATE[23000]: Integrity constraint violation: 19 UNIQUE constraint failed: users.email
[2026-03-08 21:55:19] ERROR: Insert failed: SQLSTATE[23000]: Integrity constraint violation: 19 UNIQUE constraint failed: users.email
[2026-03-08 21:59:10] ERROR: 404 File not found: index.php/tasks
[2026-03-08 22:00:43] ERROR: 404 File not found: index.php/tasks
[2026-03-08 22:00:58] ERROR: 404 File not found: index.php/register
[2026-03-08 22:01:16] ERROR: 403 Access denied: File is outside allowed directories.
[2026-03-08 22:04:37] ERROR: 403 Access denied: File is outside allowed directories.
[2026-03-08 22:06:05] ERROR: 403 Access denied: File is outside allowed directories.
[2026-03-08 22:13:46] ERROR: 403 Access denied: File is outside allowed directories.
[2026-03-08 22:13:47] ERROR: 403 Access denied: File is outside allowed directories.
[2026-03-08 22:15:43] ERROR: 404 File not found: index.php/tasks
[2026-03-08 22:15:43] ERROR: 404 File not found: index.php/favicon.ico
[2026-03-08 22:19:34] ERROR: Insert failed: SQLSTATE[23000]: Integrity constraint violation: 19 UNIQUE constraint failed: users.email
[2026-03-08 22:20:26] ERROR: 403 Access denied: File is outside allowed directories.
[2026-03-08 22:21:33] ERROR: Insert failed: SQLSTATE[23000]: Integrity constraint violation: 19 UNIQUE constraint failed: users.email
[2026-03-08 22:24:09] ERROR: Insert failed: SQLSTATE[23000]: Integrity constraint violation: 19 UNIQUE constraint failed: users.email
[2026-03-08 22:24:56] ERROR: 403 Access denied: File is outside allowed directories.
[2026-03-08 22:25:30] ERROR: 403 Access denied: File is outside allowed directories.
[2026-03-08 22:30:12] ERROR: Insert failed: SQLSTATE[23000]: Integrity constraint violation: 19 UNIQUE constraint failed: users.email
[2026-03-08 22:30:19] ERROR: 403 Access denied: File is outside allowed directories.
[2026-03-08 22:30:26] ERROR: 403 Access denied: File is outside allowed directories.
[2026-03-08 22:30:29] ERROR: 403 Access denied: File is outside allowed directories.
[2026-03-08 22:35:52] ERROR: 403 Access denied: File is outside allowed directories.
[2026-03-08 22:36:35] ERROR: 403 Access denied: File is outside allowed directories.
[2026-03-08 22:37:58] ERROR: 403 Access denied.
[2026-03-08 22:38:38] ERROR: 403 Access denied.
[2026-03-08 22:39:20] ERROR: 403 Access denied.
[2026-03-08 22:40:04] ERROR: 403 Access denied.
[2026-03-08 22:40:13] ERROR: 403 Access denied.
[2026-03-08 22:40:25] ERROR: 403 Access denied.
[2026-03-08 22:40:42] ERROR: 403 Access denied.
[2026-03-08 22:41:10] ERROR: 403 Access denied.
[2026-03-08 22:41:19] ERROR: 403 Access denied.
[2026-03-08 22:41:38] ERROR: 403 Access denied.
[2026-03-08 22:41:44] ERROR: 403 Access denied: File is outside allowed directories.
[2026-03-08 22:41:52] ERROR: 403 Access denied: File is outside allowed directories.
[2026-03-08 22:42:05] ERROR: 403 Access denied.
[2026-03-08 22:43:23] ERROR: 403 Access denied.
[2026-03-08 22:43:46] ERROR: 403 Access denied.
[2026-03-08 22:45:14] ERROR: 403 Access denied.
[2026-03-08 22:46:29] ERROR: 403 Access denied.
[2026-03-08 22:50:15] ERROR: 403 Access denied.
[2026-03-08 22:51:12] ERROR: 403 Access denied.
[2026-03-08 22:51:42] ERROR: 403 Access denied.
[2026-03-08 22:51:44] ERROR: 403 Access denied.
[2026-03-08 22:52:20] ERROR: 403 Access denied.
